mode: set
FinalThreeLayerUsingGOfr/handler/taskHandler/taskHandler.go:17.55,19.2 1 1
FinalThreeLayerUsingGOfr/handler/taskHandler/taskHandler.go:30.70,35.16 2 1
FinalThreeLayerUsingGOfr/handler/taskHandler/taskHandler.go:35.16,41.3 1 1
FinalThreeLayerUsingGOfr/handler/taskHandler/taskHandler.go:47.2,47.19 1 1
FinalThreeLayerUsingGOfr/handler/taskHandler/taskHandler.go:60.71,64.16 3 1
FinalThreeLayerUsingGOfr/handler/taskHandler/taskHandler.go:64.16,67.3 1 1
FinalThreeLayerUsingGOfr/handler/taskHandler/taskHandler.go:69.2,70.16 2 1
FinalThreeLayerUsingGOfr/handler/taskHandler/taskHandler.go:70.16,73.3 1 1
FinalThreeLayerUsingGOfr/handler/taskHandler/taskHandler.go:76.2,76.18 1 1
FinalThreeLayerUsingGOfr/handler/taskHandler/taskHandler.go:89.70,93.40 2 1
FinalThreeLayerUsingGOfr/handler/taskHandler/taskHandler.go:93.40,96.3 2 1
FinalThreeLayerUsingGOfr/handler/taskHandler/taskHandler.go:97.2,100.22 2 1
FinalThreeLayerUsingGOfr/handler/taskHandler/taskHandler.go:100.22,102.3 1 1
FinalThreeLayerUsingGOfr/handler/taskHandler/taskHandler.go:105.2,105.59 1 1
FinalThreeLayerUsingGOfr/handler/taskHandler/taskHandler.go:105.59,107.3 1 0
FinalThreeLayerUsingGOfr/handler/taskHandler/taskHandler.go:110.2,110.18 1 1
FinalThreeLayerUsingGOfr/handler/taskHandler/taskHandler.go:124.70,128.16 3 0
FinalThreeLayerUsingGOfr/handler/taskHandler/taskHandler.go:128.16,130.3 1 0
FinalThreeLayerUsingGOfr/handler/taskHandler/taskHandler.go:133.2,133.54 1 0
FinalThreeLayerUsingGOfr/handler/taskHandler/taskHandler.go:133.54,138.3 1 0
FinalThreeLayerUsingGOfr/handler/taskHandler/taskHandler.go:141.2,141.17 1 0
FinalThreeLayerUsingGOfr/handler/taskHandler/taskHandler.go:155.80,161.16 6 1
FinalThreeLayerUsingGOfr/handler/taskHandler/taskHandler.go:161.16,163.3 1 1
FinalThreeLayerUsingGOfr/handler/taskHandler/taskHandler.go:166.2,167.16 2 1
FinalThreeLayerUsingGOfr/handler/taskHandler/taskHandler.go:167.16,172.3 1 1
FinalThreeLayerUsingGOfr/handler/taskHandler/taskHandler.go:174.2,177.8 1 1
FinalThreeLayerUsingGOfr/handler/taskHandler/task_interface_mock.go:33.67,37.2 3 1
FinalThreeLayerUsingGOfr/handler/taskHandler/task_interface_mock.go:40.65,42.2 1 1
FinalThreeLayerUsingGOfr/handler/taskHandler/task_interface_mock.go:45.96,51.2 5 1
FinalThreeLayerUsingGOfr/handler/taskHandler/task_interface_mock.go:54.79,57.2 2 1
FinalThreeLayerUsingGOfr/handler/taskHandler/task_interface_mock.go:60.71,65.2 4 0
FinalThreeLayerUsingGOfr/handler/taskHandler/task_interface_mock.go:68.77,71.2 2 0
FinalThreeLayerUsingGOfr/handler/taskHandler/task_interface_mock.go:74.81,80.2 5 1
FinalThreeLayerUsingGOfr/handler/taskHandler/task_interface_mock.go:83.74,86.2 2 1
FinalThreeLayerUsingGOfr/handler/taskHandler/task_interface_mock.go:89.87,95.2 5 1
FinalThreeLayerUsingGOfr/handler/taskHandler/task_interface_mock.go:98.78,101.2 2 1
FinalThreeLayerUsingGOfr/handler/taskHandler/task_interface_mock.go:104.71,109.2 4 1
FinalThreeLayerUsingGOfr/handler/taskHandler/task_interface_mock.go:112.77,115.2 2 1
